#
# There is insufficient memory for the Java Runtime Environment to continue.
# Native memory allocation (mmap) failed to map 68157440 bytes for committing reserved memory.
# Possible reasons:
#   The system is out of physical RAM or swap space
#   In 32 bit mode, the process size limit was hit
# Possible solutions:
#   Reduce memory load on the system
#   Increase physical memory or swap space
#   Check if swap backing store is full
#   Use 64 bit Java on a 64 bit OS
#   Decrease Java heap size (-Xmx/-Xms)
#   Decrease number of Java threads
#   Decrease Java thread stack sizes (-Xss)
#   Set larger code cache with -XX:ReservedCodeCacheSize=
# This output file may be truncated or incomplete.
#
#  Out of Memory Error (os_linux.cpp:2671), pid=9702, tid=140491123291904
#
# JRE version: Java(TM) SE Runtime Environment (8.0_25-b17) (build 1.8.0_25-b17)
# Java VM: Java HotSpot(TM) 64-Bit Server VM (25.25-b02 mixed mode linux-amd64 compressed oops)
# Failed to write core dump. Core dumps have been disabled. To enable core dumping, try "ulimit -c unlimited" before starting Java again
#

---------------  T H R E A D  ---------------

Current thread (0x00007fc6b8073000):  VMThread [stack: 0x00007fc6a36f7000,0x00007fc6a37f8000] [id=9711]

Stack: [0x00007fc6a36f7000,0x00007fc6a37f8000],  sp=0x00007fc6a37f61f0,  free space=1020k
Native frames: (J=compiled Java code, j=interpreted, Vv=VM code, C=native code)
V  [libjvm.so+0xa7923a]  VMError::report_and_die()+0x2ca
V  [libjvm.so+0x4e552b]  report_vm_out_of_memory(char const*, int, unsigned long, VMErrorType, char const*)+0x8b
V  [libjvm.so+0x8e5613]  os::Linux::commit_memory_impl(char*, unsigned long, bool)+0x103
V  [libjvm.so+0x8e5b69]  os::pd_commit_memory(char*, unsigned long, unsigned long, bool)+0x29
V  [libjvm.so+0x8df83a]  os::commit_memory(char*, unsigned long, unsigned long, bool)+0x2a
V  [libjvm.so+0x94f923]  PSVirtualSpace::expand_by(unsigned long)+0x53
V  [libjvm.so+0x950d28]  PSYoungGen::resize_generation(unsigned long, unsigned long)+0xf8
V  [libjvm.so+0x94fe82]  PSYoungGen::resize(unsigned long, unsigned long)+0x22
V  [libjvm.so+0x94d163]  PSScavenge::invoke_no_policy()+0xf53
V  [libjvm.so+0x94d8e1]  PSScavenge::invoke()+0x41
V  [libjvm.so+0x907800]  ParallelScavengeHeap::failed_mem_allocate(unsigned long)+0x70
V  [libjvm.so+0xa7a8b7]  VM_ParallelGCFailedAllocation::doit()+0x97
V  [libjvm.so+0xa81fd5]  VM_Operation::evaluate()+0x55
V  [libjvm.so+0xa803aa]  VMThread::evaluate_operation(VM_Operation*)+0xba
V  [libjvm.so+0xa8072e]  VMThread::loop()+0x1ce
V  [libjvm.so+0xa80ba0]  VMThread::run()+0x70
V  [libjvm.so+0x8e7d48]  java_start(Thread*)+0x108

VM_Operation (0x00007fc6c1d00850): ParallelGCFailedAllocation, mode: safepoint, requested by thread 0x00007fc6b800a000


---------------  P R O C E S S  ---------------

Java Threads: ( => current thread )
  0x00007fc6b8504000 JavaThread "process reaper" daemon [_thread_blocked, id=9726, stack(0x00007fc6a8030000,0x00007fc6a8069000)]
  0x00007fc6b80b3800 JavaThread "Service Thread" daemon [_thread_blocked, id=9719, stack(0x00007fc6a2aaa000,0x00007fc6a2bab000)]
  0x00007fc6b80b0800 JavaThread "C1 CompilerThread2" daemon [_thread_blocked, id=9718, stack(0x00007fc6a2bab000,0x00007fc6a2cac000)]
  0x00007fc6b80ae800 JavaThread "C2 CompilerThread1" daemon [_thread_blocked, id=9717, stack(0x00007fc6a2cac000,0x00007fc6a2dad000)]
  0x00007fc6b80ab800 JavaThread "C2 CompilerThread0" daemon [_thread_blocked, id=9716, stack(0x00007fc6a2dad000,0x00007fc6a2eae000)]
  0x00007fc6b80a9800 JavaThread "Signal Dispatcher" daemon [_thread_blocked, id=9715, stack(0x00007fc6a2eae000,0x00007fc6a2faf000)]
  0x00007fc6b807c000 JavaThread "Finalizer" daemon [_thread_blocked, id=9714, stack(0x00007fc6a34f5000,0x00007fc6a35f6000)]
  0x00007fc6b807a000 JavaThread "Reference Handler" daemon [_thread_blocked, id=9713, stack(0x00007fc6a35f6000,0x00007fc6a36f7000)]
  0x00007fc6b800a000 JavaThread "main" [_thread_blocked, id=9705, stack(0x00007fc6c1c03000,0x00007fc6c1d04000)]

Other Threads:
=>0x00007fc6b8073000 VMThread [stack: 0x00007fc6a36f7000,0x00007fc6a37f8000] [id=9711]
  0x00007fc6b80ba000 WatcherThread [stack: 0x00007fc6a29a9000,0x00007fc6a2aaa000] [id=9720]

VM state:at safepoint (normal execution)

VM Mutex/Monitor currently owned by a thread:  ([mutex/lock_event])
[0x00007fc6b8006170] Threads_lock - owner thread: 0x00007fc6b8073000
[0x00007fc6b8006670] Heap_lock - owner thread: 0x00007fc6b800a000

Heap:
 PSYoungGen      total 68096K, used 6634K [0x00000000ec000000, 0x00000000f0900000, 0x0000000100000000)
  eden space 61440K, 0% used [0x00000000ec000000,0x00000000ec000000,0x00000000efc00000)
  from space 6656K, 99% used [0x00000000efc00000,0x00000000f027abb8,0x00000000f0280000)
  to   space 6144K, 0% used [0x00000000f0300000,0x00000000f0300000,0x00000000f0900000)
 ParOldGen       total 40960K, used 11490K [0x00000000c4000000, 0x00000000c6800000, 0x00000000ec000000)
  object space 40960K, 28% used [0x00000000c4000000,0x00000000c4b38918,0x00000000c6800000)
 Metaspace       used 17869K, capacity 18378K, committed 18688K, reserved 1064960K
  class space    used 2152K, capacity 2265K, committed 2304K, reserved 1048576K

Card table byte_map: [0x00007fc6be83e000,0x00007fc6bea1f000] byte_map_base: 0x00007fc6be21e000

Marking Bits: (ParMarkBitMap*) 0x00007fc6c10d92c0
 Begin Bits: [0x00007fc6bc4fa000, 0x00007fc6bd3fa000)
 End Bits:   [0x00007fc6bd3fa000, 0x00007fc6be2fa000)

Polling page: 0x00007fc6c1d20000

CodeCache: size=245760Kb used=9959Kb max_used=9983Kb free=235800Kb
 bounds [0x00007fc6a9000000, 0x00007fc6a99d0000, 0x00007fc6b8000000]
 total_blobs=3137 nmethods=2790 adapters=261
 compilation: enabled

Compilation events (10 events):
Event: 28,638 Thread 0x00007fc6b80ab800 nmethod 2807 0x00007fc6a99b63d0 code [0x00007fc6a99b6520, 0x00007fc6a99b6958]
Event: 28,638 Thread 0x00007fc6b80ab800 2810   !   4       java.lang.StringCoding$StringDecoder::decode (179 bytes)
Event: 28,642 Thread 0x00007fc6b80ab800 nmethod 2810 0x00007fc6a99b5c10 code [0x00007fc6a99b5d80, 0x00007fc6a99b6168]
Event: 28,642 Thread 0x00007fc6b80ab800 2811       4       java.util.jar.Manifest$FastInputStream::peek (38 bytes)
Event: 28,643 Thread 0x00007fc6b80ab800 nmethod 2811 0x00007fc6a99bba90 code [0x00007fc6a99bbbe0, 0x00007fc6a99bbcc8]
Event: 28,643 Thread 0x00007fc6b80ab800 2812   !   4       java.lang.StringCoding::decode (120 bytes)
Event: 28,654 Thread 0x00007fc6b80ab800 nmethod 2812 0x00007fc6a99bc050 code [0x00007fc6a99bc260, 0x00007fc6a99bcc50]
Event: 28,654 Thread 0x00007fc6b80ab800 2813       4       java.lang.String::<init> (38 bytes)
Event: 28,655 Thread 0x00007fc6b80ab800 nmethod 2813 0x00007fc6a99bf210 code [0x00007fc6a99bf380, 0x00007fc6a99bf4e8]
Event: 28,735 Thread 0x00007fc6b80ae800 nmethod 2808 0x00007fc6a99c41d0 code [0x00007fc6a99c4600, 0x00007fc6a99c7908]

GC Heap History (10 events):
Event: 2,434 GC heap after
Heap after GC invocations=2 (full 0):
 PSYoungGen      total 33280K, used 2327K [0x00000000ec000000, 0x00000000ee300000, 0x0000000100000000)
  eden space 30720K, 0% used [0x00000000ec000000,0x00000000ec000000,0x00000000ede00000)
  from space 2560K, 90% used [0x00000000ee080000,0x00000000ee2c5dc8,0x00000000ee300000)
  to   space 2560K, 0% used [0x00000000ede00000,0x00000000ede00000,0x00000000ee080000)
 ParOldGen       total 40960K, used 665K [0x00000000c4000000, 0x00000000c6800000, 0x00000000ec000000)
  object space 40960K, 1% used [0x00000000c4000000,0x00000000c40a6698,0x00000000c6800000)
 Metaspace       used 7494K, capacity 7700K, committed 7936K, reserved 1056768K
  class space    used 926K, capacity 990K, committed 1024K, reserved 1048576K
}
Event: 5,174 GC heap before
{Heap before GC invocations=3 (full 0):
 PSYoungGen      total 33280K, used 33042K [0x00000000ec000000, 0x00000000ee300000, 0x0000000100000000)
  eden space 30720K, 99% used [0x00000000ec000000,0x00000000eddfeb10,0x00000000ede00000)
  from space 2560K, 90% used [0x00000000ee080000,0x00000000ee2c5dc8,0x00000000ee300000)
  to   space 2560K, 0% used [0x00000000ede00000,0x00000000ede00000,0x00000000ee080000)
 ParOldGen       total 40960K, used 665K [0x00000000c4000000, 0x00000000c6800000, 0x00000000ec000000)
  object space 40960K, 1% used [0x00000000c4000000,0x00000000c40a6698,0x00000000c6800000)
 Metaspace       used 11530K, capacity 11834K, committed 12032K, reserved 1060864K
  class space    used 1423K, capacity 1510K, committed 1536K, reserved 1048576K
Event: 5,185 GC heap after
Heap after GC invocations=3 (full 0):
 PSYoungGen      total 33280K, used 2544K [0x00000000ec000000, 0x00000000f0100000, 0x0000000100000000)
  eden space 30720K, 0% used [0x00000000ec000000,0x00000000ec000000,0x00000000ede00000)
  from space 2560K, 99% used [0x00000000ede00000,0x00000000ee07c010,0x00000000ee080000)
  to   space 2560K, 0% used [0x00000000efe80000,0x00000000efe80000,0x00000000f0100000)
 ParOldGen       total 40960K, used 4190K [0x00000000c4000000, 0x00000000c6800000, 0x00000000ec000000)
  object space 40960K, 10% used [0x00000000c4000000,0x00000000c4417898,0x00000000c6800000)
 Metaspace       used 11530K, capacity 11834K, committed 12032K, reserved 1060864K
  class space    used 1423K, capacity 1510K, committed 1536K, reserved 1048576K
}
Event: 8,498 GC heap before
{Heap before GC invocations=4 (full 0):
 PSYoungGen      total 33280K, used 33264K [0x00000000ec000000, 0x00000000f0100000, 0x0000000100000000)
  eden space 30720K, 100% used [0x00000000ec000000,0x00000000ede00000,0x00000000ede00000)
  from space 2560K, 99% used [0x00000000ede00000,0x00000000ee07c010,0x00000000ee080000)
  to   space 2560K, 0% used [0x00000000efe80000,0x00000000efe80000,0x00000000f0100000)
 ParOldGen       total 40960K, used 4190K [0x00000000c4000000, 0x00000000c6800000, 0x00000000ec000000)
  object space 40960K, 10% used [0x00000000c4000000,0x00000000c4417898,0x00000000c6800000)
 Metaspace       used 12906K, capacity 13232K, committed 13440K, reserved 1060864K
  class space    used 1583K, capacity 1656K, committed 1664K, reserved 1048576K
Event: 8,512 GC heap after
Heap after GC invocations=4 (full 0):
 PSYoungGen      total 33280K, used 2528K [0x00000000ec000000, 0x00000000f0100000, 0x0000000100000000)
  eden space 30720K, 0% used [0x00000000ec000000,0x00000000ec000000,0x00000000ede00000)
  from space 2560K, 98% used [0x00000000efe80000,0x00000000f00f8020,0x00000000f0100000)
  to   space 2560K, 0% used [0x00000000ede00000,0x00000000ede00000,0x00000000ee080000)
 ParOldGen       total 40960K, used 7428K [0x00000000c4000000, 0x00000000c6800000, 0x00000000ec000000)
  object space 40960K, 18% used [0x00000000c4000000,0x00000000c4741268,0x00000000c6800000)
 Metaspace       used 12906K, capacity 13232K, committed 13440K, reserved 1060864K
  class space    used 1583K, capacity 1656K, committed 1664K, reserved 1048576K
}
Event: 10,192 GC heap before
{Heap before GC invocations=5 (full 0):
 PSYoungGen      total 33280K, used 33248K [0x00000000ec000000, 0x00000000f0100000, 0x0000000100000000)
  eden space 30720K, 100% used [0x00000000ec000000,0x00000000ede00000,0x00000000ede00000)
  from space 2560K, 98% used [0x00000000efe80000,0x00000000f00f8020,0x00000000f0100000)
  to   space 2560K, 0% used [0x00000000ede00000,0x00000000ede00000,0x00000000ee080000)
 ParOldGen       total 40960K, used 7428K [0x00000000c4000000, 0x00000000c6800000, 0x00000000ec000000)
  object space 40960K, 18% used [0x00000000c4000000,0x00000000c4741268,0x00000000c6800000)
 Metaspace       used 13158K, capacity 13488K, committed 13696K, reserved 1060864K
  class space    used 1586K, capacity 1656K, committed 1664K, reserved 1048576K
Event: 10,221 GC heap after
Heap after GC invocations=5 (full 0):
 PSYoungGen      total 33280K, used 2544K [0x00000000ec000000, 0x00000000f0a00000, 0x0000000100000000)
  eden space 30720K, 0% used [0x00000000ec000000,0x00000000ec000000,0x00000000ede00000)
  from space 2560K, 99% used [0x00000000ede00000,0x00000000ee07c010,0x00000000ee080000)
  to   space 7168K, 0% used [0x00000000f0300000,0x00000000f0300000,0x00000000f0a00000)
 ParOldGen       total 40960K, used 8472K [0x00000000c4000000, 0x00000000c6800000, 0x00000000ec000000)
  object space 40960K, 20% used [0x00000000c4000000,0x00000000c4846288,0x00000000c6800000)
 Metaspace       used 13158K, capacity 13488K, committed 13696K, reserved 1060864K
  class space    used 1586K, capacity 1656K, committed 1664K, reserved 1048576K
}
Event: 11,044 GC heap before
{Heap before GC invocations=6 (full 0):
 PSYoungGen      total 33280K, used 33264K [0x00000000ec000000, 0x00000000f0a00000, 0x0000000100000000)
  eden space 30720K, 100% used [0x00000000ec000000,0x00000000ede00000,0x00000000ede00000)
  from space 2560K, 99% used [0x00000000ede00000,0x00000000ee07c010,0x00000000ee080000)
  to   space 7168K, 0% used [0x00000000f0300000,0x00000000f0300000,0x00000000f0a00000)
 ParOldGen       total 40960K, used 8472K [0x00000000c4000000, 0x00000000c6800000, 0x00000000ec000000)
  object space 40960K, 20% used [0x00000000c4000000,0x00000000c4846288,0x00000000c6800000)
 Metaspace       used 13344K, capacity 13680K, committed 13952K, reserved 1060864K
  class space    used 1587K, capacity 1656K, committed 1664K, reserved 1048576K
Event: 11,080 GC heap after
Heap after GC invocations=6 (full 0):
 PSYoungGen      total 67584K, used 4096K [0x00000000ec000000, 0x00000000f0900000, 0x0000000100000000)
  eden space 61440K, 0% used [0x00000000ec000000,0x00000000ec000000,0x00000000efc00000)
  from space 6144K, 66% used [0x00000000f0300000,0x00000000f0700000,0x00000000f0900000)
  to   space 6656K, 0% used [0x00000000efc00000,0x00000000efc00000,0x00000000f0280000)
 ParOldGen       total 40960K, used 8480K [0x00000000c4000000, 0x00000000c6800000, 0x00000000ec000000)
  object space 40960K, 20% used [0x00000000c4000000,0x00000000c4848288,0x00000000c6800000)
 Metaspace       used 13344K, capacity 13680K, committed 13952K, reserved 1060864K
  class space    used 1587K, capacity 1656K, committed 1664K, reserved 1048576K
}
Event: 29,544 GC heap before
{Heap before GC invocations=7 (full 0):
 PSYoungGen      total 67584K, used 65536K [0x00000000ec000000, 0x00000000f0900000, 0x0000000100000000)
  eden space 61440K, 100% used [0x00000000ec000000,0x00000000efc00000,0x00000000efc00000)
  from space 6144K, 66% used [0x00000000f0300000,0x00000000f0700000,0x00000000f0900000)
  to   space 6656K, 0% used [0x00000000efc00000,0x00000000efc00000,0x00000000f0280000)
 ParOldGen       total 40960K, used 8480K [0x00000000c4000000, 0x00000000c6800000, 0x00000000ec000000)
  object space 40960K, 20% used [0x00000000c4000000,0x00000000c4848288,0x00000000c6800000)
 Metaspace       used 17869K, capacity 18378K, committed 18688K, reserved 1064960K
  class space    used 2152K, capacity 2265K, committed 2304K, reserved 1048576K

Deoptimization events (10 events):
Event: 6,115 Thread 0x00007fc6b800a000 Uncommon trap: reason=unreached action=reinterpret pc=0x00007fc6a92fc658 method=java.util.HashMap.hash(Ljava/lang/Object;)I @ 1
Event: 6,115 Thread 0x00007fc6b800a000 Uncommon trap: reason=unreached action=reinterpret pc=0x00007fc6a9458ba8 method=java.util.HashMap.hash(Ljava/lang/Object;)I @ 1
Event: 6,257 Thread 0x00007fc6b800a000 Uncommon trap: reason=null_check action=make_not_entrant pc=0x00007fc6a94cf858 method=org.apache.maven.model.io.xpp3.MavenXpp3Reader.checkFieldWithDuplicate(Lorg/codehaus/plexus/util/xml/pull/XmlPullParser;Ljava/lang/String;Ljava/lang/String;Ljava/util/Se
Event: 8,521 Thread 0x00007fc6b800a000 Uncommon trap: reason=unreached action=reinterpret pc=0x00007fc6a9567660 method=java.util.WeakHashMap.expungeStaleEntries()V @ 9
Event: 8,962 Thread 0x00007fc6b800a000 Uncommon trap: reason=bimorphic action=maybe_recompile pc=0x00007fc6a9464194 method=java.util.concurrent.ConcurrentHashMap.get(Ljava/lang/Object;)Ljava/lang/Object; @ 149
Event: 8,966 Thread 0x00007fc6b800a000 Uncommon trap: reason=bimorphic action=maybe_recompile pc=0x00007fc6a9464194 method=java.util.concurrent.ConcurrentHashMap.get(Ljava/lang/Object;)Ljava/lang/Object; @ 149
Event: 8,972 Thread 0x00007fc6b800a000 Uncommon trap: reason=bimorphic action=maybe_recompile pc=0x00007fc6a9464194 method=java.util.concurrent.ConcurrentHashMap.get(Ljava/lang/Object;)Ljava/lang/Object; @ 149
Event: 8,986 Thread 0x00007fc6b800a000 Uncommon trap: reason=bimorphic action=maybe_recompile pc=0x00007fc6a9464194 method=java.util.concurrent.ConcurrentHashMap.get(Ljava/lang/Object;)Ljava/lang/Object; @ 149
Event: 11,084 Thread 0x00007fc6b800a000 Uncommon trap: reason=predicate action=maybe_recompile pc=0x00007fc6a972d6b8 method=java.nio.charset.CharsetDecoder.decode(Ljava/nio/ByteBuffer;Ljava/nio/CharBuffer;Z)Ljava/nio/charset/CoderResult; @ 54
Event: 12,259 Thread 0x00007fc6b800a000 Uncommon trap: reason=unreached action=reinterpret pc=0x00007fc6a981e85c method=org.sonatype.aether.util.graph.transformer.NearestVersionConflictResolver.selectVersion(Lorg/sonatype/aether/graph/DependencyNode;Lorg/sonatype/aether/graph/DependencyNode;ILj

Internal exceptions (10 events):
Event: 27,857 Thread 0x00007fc6b800a000 Exception <a 'java/security/PrivilegedActionException'> (0x00000000ef7f4ba0) thrown at [/HUDSON/workspace/8-2-build-linux-amd64/jdk8u25/1514/hotspot/src/share/vm/prims/jvm.cpp, line 1312]
Event: 27,857 Thread 0x00007fc6b800a000 Exception <a 'java/security/PrivilegedActionException'> (0x00000000ef7f5480) thrown at [/HUDSON/workspace/8-2-build-linux-amd64/jdk8u25/1514/hotspot/src/share/vm/prims/jvm.cpp, line 1312]
Event: 27,857 Thread 0x00007fc6b800a000 Exception <a 'java/security/PrivilegedActionException'> (0x00000000ef7f7390) thrown at [/HUDSON/workspace/8-2-build-linux-amd64/jdk8u25/1514/hotspot/src/share/vm/prims/jvm.cpp, line 1312]
Event: 27,857 Thread 0x00007fc6b800a000 Exception <a 'java/security/PrivilegedActionException'> (0x00000000ef7f7c90) thrown at [/HUDSON/workspace/8-2-build-linux-amd64/jdk8u25/1514/hotspot/src/share/vm/prims/jvm.cpp, line 1312]
Event: 27,872 Thread 0x00007fc6b800a000 Exception <a 'java/security/PrivilegedActionException'> (0x00000000ef7faab8) thrown at [/HUDSON/workspace/8-2-build-linux-amd64/jdk8u25/1514/hotspot/src/share/vm/prims/jvm.cpp, line 1312]
Event: 27,872 Thread 0x00007fc6b800a000 Exception <a 'java/security/PrivilegedActionException'> (0x00000000ef7fb3a8) thrown at [/HUDSON/workspace/8-2-build-linux-amd64/jdk8u25/1514/hotspot/src/share/vm/prims/jvm.cpp, line 1312]
Event: 27,873 Thread 0x00007fc6b800a000 Exception <a 'java/security/PrivilegedActionException'> (0x00000000ef800350) thrown at [/HUDSON/workspace/8-2-build-linux-amd64/jdk8u25/1514/hotspot/src/share/vm/prims/jvm.cpp, line 1312]
Event: 27,873 Thread 0x00007fc6b800a000 Exception <a 'java/security/PrivilegedActionException'> (0x00000000ef800c30) thrown at [/HUDSON/workspace/8-2-build-linux-amd64/jdk8u25/1514/hotspot/src/share/vm/prims/jvm.cpp, line 1312]
Event: 27,874 Thread 0x00007fc6b800a000 Exception <a 'java/security/PrivilegedActionException'> (0x00000000ef8040c8) thrown at [/HUDSON/workspace/8-2-build-linux-amd64/jdk8u25/1514/hotspot/src/share/vm/prims/jvm.cpp, line 1312]
Event: 27,874 Thread 0x00007fc6b800a000 Exception <a 'java/security/PrivilegedActionException'> (0x00000000ef804998) thrown at [/HUDSON/workspace/8-2-build-linux-amd64/jdk8u25/1514/hotspot/src/share/vm/prims/jvm.cpp, line 1312]

Events (10 events):
Event: 27,872 loading class com/sun/tools/javac/file/Locations$Path done
Event: 27,872 Executing VM operation: Deoptimize
Event: 27,873 Executing VM operation: Deoptimize done
Event: 27,873 loading class com/sun/tools/javac/util/ListBuffer$1
Event: 27,873 loading class com/sun/tools/javac/util/ListBuffer$1 done
Event: 27,874 loading class com/sun/tools/javac/util/StringUtils
Event: 27,874 loading class com/sun/tools/javac/util/StringUtils done
Event: 28,428 Thread 0x00007fc6b800a000 DEOPT PACKING pc=0x00007fc6a914f992 sp=0x00007fc6c1d008d0
Event: 28,428 Thread 0x00007fc6b800a000 DEOPT UNPACKING pc=0x00007fc6a9047373 sp=0x00007fc6c1d00610 mode 0
Event: 29,349 Executing VM operation: ParallelGCFailedAllocation


Dynamic libraries:
00400000-00401000 r-xp 00000000 08:07 3672619                            /opt/java/jdk1.8.0_25/bin/java
00600000-00601000 rw-p 00000000 08:07 3672619                            /opt/java/jdk1.8.0_25/bin/java
00715000-00736000 rw-p 00000000 00:00 0                                  [heap]
c4000000-c6800000 rw-p 00000000 00:00 0 
c6800000-ec000000 ---p 00000000 00:00 0 
ec000000-f0900000 rw-p 00000000 00:00 0 
f4a00000-100000000 ---p 00000000 00:00 0 
100000000-100240000 rw-p 00000000 00:00 0 
100240000-140000000 ---p 00000000 00:00 0 
7fc66c000000-7fc66c021000 rw-p 00000000 00:00 0 
7fc66c021000-7fc670000000 ---p 00000000 00:00 0 
7fc670000000-7fc670021000 rw-p 00000000 00:00 0 
7fc670021000-7fc674000000 ---p 00000000 00:00 0 
7fc674000000-7fc674c98000 rw-p 00000000 00:00 0 
7fc674c98000-7fc678000000 ---p 00000000 00:00 0 
7fc678000000-7fc678021000 rw-p 00000000 00:00 0 
7fc678021000-7fc67c000000 ---p 00000000 00:00 0 
7fc67c000000-7fc67dac0000 rw-p 00000000 00:00 0 
7fc67dac0000-7fc680000000 ---p 00000000 00:00 0 
7fc680000000-7fc6816fe000 rw-p 00000000 00:00 0 
7fc6816fe000-7fc684000000 ---p 00000000 00:00 0 
7fc684000000-7fc684021000 rw-p 00000000 00:00 0 
7fc684021000-7fc688000000 ---p 00000000 00:00 0 
7fc688000000-7fc688021000 rw-p 00000000 00:00 0 
7fc688021000-7fc68c000000 ---p 00000000 00:00 0 
7fc68c000000-7fc68c27f000 rw-p 00000000 00:00 0 
7fc68c27f000-7fc690000000 ---p 00000000 00:00 0 
7fc690000000-7fc690021000 rw-p 00000000 00:00 0 
7fc690021000-7fc694000000 ---p 00000000 00:00 0 
7fc694000000-7fc694021000 rw-p 00000000 00:00 0 
7fc694021000-7fc698000000 ---p 00000000 00:00 0 
7fc698000000-7fc698021000 rw-p 00000000 00:00 0 
7fc698021000-7fc69c000000 ---p 00000000 00:00 0 
7fc69c000000-7fc69c021000 rw-p 00000000 00:00 0 
7fc69c021000-7fc6a0000000 ---p 00000000 00:00 0 
7fc6a1c4b000-7fc6a1c4c000 rw-p 00000000 00:00 0 
7fc6a1c4c000-7fc6a1c53000 r--s 00000000 08:07 8261854                    /usr/lib/x86_64-linux-gnu/gconv/gconv-modules.cache
7fc6a1c53000-7fc6a1c79000 r--p 00000000 08:07 8784727                    /usr/share/locale-langpack/es/LC_MESSAGES/libc.mo
7fc6a1c79000-7fc6a1c8f000 r--s 00138000 08:07 2886277                    /home/matias/.m2/repository/org/eclipse/persistence/org.eclipse.persistence.jpa/2.5.2/org.eclipse.persistence.jpa-2.5.2.jar
7fc6a1c8f000-7fc6a1e8f000 rw-p 00000000 00:00 0 
7fc6a1e8f000-7fc6a1f08000 r--s 010df000 08:07 3413129                    /opt/java/jdk1.8.0_25/lib/tools.jar
7fc6a1f08000-7fc6a1f0b000 r--s 0001b000 08:07 2754063                    /home/matias/.m2/repository/junit/junit/3.8.2/junit-3.8.2.jar
7fc6a1f0b000-7fc6a1f19000 r--s 0008f000 08:07 2754062                    /home/matias/.m2/repository/com/google/collections/google-collections/1.0/google-collections-1.0.jar
7fc6a1f19000-7fc6a1f1a000 r--s 0000a000 08:07 2754058                    /home/matias/.m2/repository/commons-logging/commons-logging-api/1.1/commons-logging-api-1.1.jar
7fc6a1f1a000-7fc6a1f21000 r--s 00051000 08:07 2754057                    /home/matias/.m2/repository/log4j/log4j/1.2.12/log4j-1.2.12.jar
7fc6a1f21000-7fc6a1f25000 r--s 0001d000 08:07 2754056                    /home/matias/.m2/repository/org/apache/xbean/xbean-reflect/3.4/xbean-reflect-3.4.jar
7fc6a1f25000-7fc6a1f26000 r--s 00004000 08:07 2754052                    /home/matias/.m2/repository/org/codehaus/plexus/plexus-compiler-javac/2.2/plexus-compiler-javac-2.2.jar
7fc6a1f26000-7fc6a1f28000 r--s 00000000 08:07 2754051                    /home/matias/.m2/repository/org/codehaus/plexus/plexus-compiler-manager/2.2/plexus-compiler-manager-2.2.jar
7fc6a1f28000-7fc6a1f2a000 r--s 00005000 08:07 2754049                    /home/matias/.m2/repository/org/codehaus/plexus/plexus-compiler-api/2.2/plexus-compiler-api-2.2.jar
7fc6a1f2a000-7fc6a1f2c000 r--s 00002000 08:07 2754043                    /home/matias/.m2/repository/org/apache/maven/shared/maven-shared-incremental/1.1/maven-shared-incremental-1.1.jar
7fc6a1f2c000-7fc6a1f2e000 r--s 00006000 08:07 2754046                    /home/matias/.m2/repository/com/google/code/findbugs/jsr305/2.0.1/jsr305-2.0.1.jar
7fc6a1f2e000-7fc6a1f31000 r--s 00023000 08:07 2754042                    /home/matias/.m2/repository/org/apache/maven/shared/maven-shared-utils/0.1/maven-shared-utils-0.1.jar
7fc6a1f31000-7fc6a1f35000 r--s 00030000 08:07 2754045                    /home/matias/.m2/repository/org/codehaus/plexus/plexus-utils/1.5.1/plexus-utils-1.5.1.jar
7fc6a1f35000-7fc6a1f37000 r--s 00009000 08:07 2753160                    /home/matias/.m2/repository/org/apache/maven/plugins/maven-compiler-plugin/3.1/maven-compiler-plugin-3.1.jar
7fc6a1f37000-7fc6a1f39000 r--s 0000d000 08:07 2753692                    /home/matias/.m2/repository/org/codehaus/plexus/plexus-interpolation/1.13/plexus-interpolation-1.13.jar
7fc6a1f39000-7fc6a1f3a000 r--s 00001000 08:07 2753693                    /home/matias/.m2/repository/org/sonatype/plexus/plexus-build-api/0.0.4/plexus-build-api-0.0.4.jar
7fc6a1f3a000-7fc6a1f3c000 r--s 00009000 08:07 2753687                    /home/matias/.m2/repository/org/apache/maven/shared/maven-filtering/1.0/maven-filtering-1.0.jar
7fc6a1f3c000-7fc6a1f3d000 r--s 00001000 08:07 2753686                    /home/matias/.m2/repository/org/apache/maven/doxia/doxia-sink-api/1.0-alpha-7/doxia-sink-api-1.0-alpha-7.jar
7fc6a1f3d000-7fc6a1f3e000 r--s 00002000 08:07 2753679                    /home/matias/.m2/repository/org/apache/maven/reporting/maven-reporting-api/2.0.6/maven-reporting-api-2.0.6.jar
7fc6a1f3e000-7fc6a1f40000 r--s 00005000 08:07 2753156                    /home/matias/.m2/repository/org/apache/maven/plugins/maven-resources-plugin/2.5/maven-resources-plugin-2.5.jar
7fc6a1f40000-7fc6a2140000 rw-p 00000000 00:00 0 
7fc6a2140000-7fc6a214e000 r--s 0007f000 08:07 2885060                    /home/matias/.m2/repository/commons-collections/commons-collections/3.2.1/commons-collections-3.2.1.jar
7fc6a214e000-7fc6a2153000 r--s 00041000 08:07 2886814                    /home/matias/.m2/repository/commons-lang/commons-lang/2.6/commons-lang-2.6.jar
7fc6a2153000-7fc6a2155000 r--s 00006000 08:07 2885059                    /home/matias/.m2/repository/org/apache/maven/shared/maven-invoker/2.0.11/maven-invoker-2.0.11.jar
7fc6a2155000-7fc6a2157000 r--s 00006000 08:07 2886813                    /home/matias/.m2/repository/org/apache/maven/shared/maven-common-artifact-filters/1.4/maven-common-artifact-filters-1.4.jar
7fc6a2157000-7fc6a2159000 r--s 0000c000 08:07 2886811                    /home/matias/.m2/repository/org/apache/maven/shared/maven-dependency-tree/2.0/maven-dependency-tree-2.0.jar
7fc6a2159000-7fc6a215b000 r--s 00000000 08:07 2754044                    /home/matias/.m2/repository/org/codehaus/plexus/plexus-component-annotations/1.5.5/plexus-component-annotations-1.5.5.jar
7fc6a215b000-7fc6a215c000 r--s 0000a000 08:07 2886807                    /home/matias/.m2/repository/asm/asm/3.3.1/asm-3.3.1.jar
7fc6a215c000-7fc6a215e000 r--s 00005000 08:07 2886808                    /home/matias/.m2/repository/org/apache/maven/shared/maven-dependency-analyzer/1.3/maven-dependency-analyzer-1.3.jar
7fc6a215e000-7fc6a2161000 r--s 0000c000 08:07 2886804                    /home/matias/.m2/repository/org/codehaus/plexus/plexus-io/2.0.6/plexus-io-2.0.6.jar
7fc6a2161000-7fc6a2164000 r--s 0001b000 08:07 2753683                    /home/matias/.m2/repository/junit/junit/3.8.1/junit-3.8.1.jar
7fc6a2164000-7fc6a2166000 r--s 00008000 08:07 2886802                    /home/matias/.m2/repository/org/apache/maven/shared/maven-shared-io/1.1/maven-shared-io-1.1.jar
7fc6a2166000-7fc6a2168000 r--s 00008000 08:07 2886801                    /home/matias/.m2/repository/org/apache/maven/shared/file-management/1.2.1/file-management-1.2.1.jar
7fc6a2168000-7fc6a216c000 r--s 00035000 08:07 2886800                    /home/matias/.m2/repository/org/codehaus/plexus/plexus-utils/3.0.9/plexus-utils-3.0.9.jar
7fc6a216c000-7fc6a2171000 r--s 00029000 08:07 2754481                    /home/matias/.m2/repository/org/codehaus/plexus/plexus-archiver/2.2/plexus-archiver-2.2.jar
7fc6a2171000-7fc6a2173000 r--s 00004000 08:07 2886796                    /home/matias/.m2/repository/org/apache/maven/doxia/doxia-module-xhtml/1.0/doxia-module-xhtml-1.0.jar
7fc6a2173000-7fc6a2174000 r--s 00006000 08:07 2886795                    /home/matias/.m2/repository/org/apache/maven/doxia/doxia-module-xdoc/1.0/doxia-module-xdoc-1.0.jar
7fc6a2174000-7fc6a2175000 r--s 00004000 08:07 2886793                    /home/matias/.m2/repository/org/apache/maven/doxia/doxia-module-fml/1.0/doxia-module-fml-1.0.jar
7fc6a2175000-7fc6a2177000 r--s 0000a000 08:07 2886791                    /home/matias/.m2/repository/org/apache/maven/doxia/doxia-module-apt/1.0/doxia-module-apt-1.0.jar
7fc6a2177000-7fc6a2178000 r--s 0000b000 08:07 2886789                    /home/matias/.m2/repository/org/apache/maven/doxia/doxia-decoration-model/1.0/doxia-decoration-model-1.0.jar
7fc6a2178000-7fc6a2180000 r--s 00058000 08:07 2885046                    /home/matias/.m2/repository/org/apache/velocity/velocity/1.5/velocity-1.5.jar
7fc6a2180000-7fc6a2181000 r--s 00001000 08:07 2886787                    /home/matias/.m2/repository/org/codehaus/plexus/plexus-velocity/1.1.7/plexus-velocity-1.1.7.jar
7fc6a2181000-7fc6a2192000 r-xp 00000000 08:07 3672486                    /opt/java/jdk1.8.0_25/jre/lib/amd64/libnio.so
7fc6a2192000-7fc6a2391000 ---p 00011000 08:07 3672486                    /opt/java/jdk1.8.0_25/jre/lib/amd64/libnio.so
7fc6a2391000-7fc6a2392000 rw-p 00010000 08:07 3672486                    /opt/java/jdk1.8.0_25/jre/lib/amd64/libnio.so
7fc6a2392000-7fc6a23a8000 r-xp 00000000 08:07 3672461                    /opt/java/jdk1.8.0_25/jre/lib/amd64/libnet.so
7fc6a23a8000-7fc6a25a8000 ---p 00016000 08:07 3672461                    /opt/java/jdk1.8.0_25/jre/lib/amd64/libnet.so
7fc6a25a8000-7fc6a25a9000 rw-p 00016000 08:07 3672461                    /opt/java/jdk1.8.0_25/jre/lib/amd64/libnet.so
7fc6a25a9000-7fc6a27a9000 rw-p 00000000 00:00 0 
7fc6a27a9000-7fc6a29a9000 rw-p 00000000 00:00 0 
7fc6a29a9000-7fc6a29aa000 ---p 00000000 00:00 0 
7fc6a29aa000-7fc6a2aaa000 rw-p 00000000 00:00 0                          [stack:9720]
7fc6a2aaa000-7fc6a2aad000 ---p 00000000 00:00 0 
7fc6a2aad000-7fc6a2bab000 rw-p 00000000 00:00 0                          [stack:9719]
7fc6a2bab000-7fc6a2bae000 ---p 00000000 00:00 0 
7fc6a2bae000-7fc6a2cac000 rw-p 00000000 00:00 0                          [stack:9718]
7fc6a2cac000-7fc6a2caf000 ---p 00000000 00:00 0 
7fc6a2caf000-7fc6a2dad000 rw-p 00000000 00:00 0                          [stack:9717]
7fc6a2dad000-7fc6a2db0000 ---p 00000000 00:00 0 
7fc6a2db0000-7fc6a2eae000 rw-p 00000000 00:00 0                          [stack:9716]
7fc6a2eae000-7fc6a2eb1000 ---p 00000000 00:00 0 
7fc6a2eb1000-7fc6a2faf000 rw-p 00000000 00:00 0                          [stack:9715]
7fc6a2faf000-7fc6a34f5000 r--p 00000000 08:07 7869958                    /usr/lib/locale/locale-archive
7fc6a34f5000-7fc6a34f8000 ---p 00000000 00:00 0 
7fc6a34f8000-7fc6a35f6000 rw-p 00000000 00:00 0                          [stack:9714]
7fc6a35f6000-7fc6a35f9000 ---p 00000000 00:00 0 
7fc6a35f9000-7fc6a36f7000 rw-p 00000000 00:00 0                          [stack:9713]
7fc6a36f7000-7fc6a36f8000 ---p 00000000 00:00 0 
7fc6a36f8000-7fc6a4000000 rw-p 00000000 00:00 0                          [stack:9711]
7fc6a4000000-7fc6a4021000 rw-p 00000000 00:00 0 
7fc6a4021000-7fc6a8000000 ---p 00000000 00:00 0 
7fc6a8000000-7fc6a8001000 r--s 00002000 08:07 2886785                    /home/matias/.m2/repository/org/codehaus/plexus/plexus-i18n/1.0-beta-7/plexus-i18n-1.0-beta-7.jar
7fc6a8001000-7fc6a8003000 r--s 0000a000 08:07 2886782                    /home/matias/.m2/repository/org/apache/maven/doxia/doxia-site-renderer/1.0/doxia-site-renderer-1.0.jar
7fc6a8003000-7fc6a8004000 r--s 00002000 08:07 2886781                    /home/matias/.m2/repository/org/apache/maven/doxia/doxia-sink-api/1.0/doxia-sink-api-1.0.jar
7fc6a8004000-7fc6a8009000 r--s 00016000 08:07 2885038                    /home/matias/.m2/repository/xml-apis/xml-apis/1.0.b2/xml-apis-1.0.b2.jar
7fc6a8009000-7fc6a800b000 r--s 0000e000 08:07 2885049                    /home/matias/.m2/repository/oro/oro/2.0.8/oro-2.0.8.jar
7fc6a800b000-7fc6a800d000 r--s 00008000 08:07 2886779                    /home/matias/.m2/repository/commons-logging/commons-logging/1.0.4/commons-logging-1.0.4.jar
7fc6a800d000-7fc6a8011000 r--s 00026000 08:07 2886777                    /home/matias/.m2/repository/commons-digester/commons-digester/1.6/commons-digester-1.6.jar
7fc6a8011000-7fc6a8016000 r--s 0002a000 08:07 2886774                    /home/matias/.m2/repository/commons-beanutils/commons-beanutils/1.7.0/commons-beanutils-1.7.0.jar
7fc6a8016000-7fc6a8019000 r--s 00014000 08:07 2886772                    /home/matias/.m2/repository/commons-validator/commons-validator/1.2.0/commons-validator-1.2.0.jar
7fc6a8019000-7fc6a801c000 r--s 00018000 08:07 2885040                    /home/matias/.m2/repository/commons-io/commons-io/1.4/commons-io-1.4.jar
7fc6a801c000-7fc6a801e000 r--s 00009000 08:07 2886773                    /home/matias/.m2/repository/org/apache/maven/shared/maven-doxia-tools/1.0.2/maven-doxia-tools-1.0.2.jar
7fc6a801e000-7fc6a8021000 r--s 0000b000 08:07 2886771                    /home/matias/.m2/repository/org/apache/maven/doxia/doxia-core/1.0/doxia-core-1.0.jar
7fc6a8021000-7fc6a8023000 r--s 00004000 08:07 2886769                    /home/matias/.m2/repository/org/apache/maven/reporting/maven-reporting-impl/2.0.5/maven-reporting-impl-2.0.5.jar
7fc6a8023000-7fc6a8024000 r--s 00002000 08:07 2886768                    /home/matias/.m2/repository/org/apache/maven/reporting/maven-reporting-api/3.0/maven-reporting-api-3.0.jar
7fc6a8024000-7fc6a8026000 r--s 00002000 08:07 2753684                    /home/matias/.m2/repository/org/codehaus/plexus/plexus-interactivity-api/1.0-alpha-4/plexus-interactivity-api-1.0-alpha-4.jar
7fc6a8026000-7fc6a8028000 r--s 00006000 08:07 2753685                    /home/matias/.m2/repository/commons-cli/commons-cli/1.0/commons-cli-1.0.jar
7fc6a8028000-7fc6a802b000 r--s 00021000 08:07 2755311                    /home/matias/.m2/repository/org/apache/maven/plugins/maven-dependency-plugin/2.6/maven-dependency-plugin-2.6.jar
7fc6a802b000-7fc6a802f000 r--s 00033000 08:07 2753681                    /home/matias/.m2/repository/org/codehaus/plexus/plexus-utils/2.0.5/plexus-utils-2.0.5.jar
7fc6a802f000-7fc6a8030000 r--s 00005000 08:07 2752986                    /home/matias/.m2/repository/org/apache/maven/plugins/maven-clean-plugin/2.4.1/maven-clean-plugin-2.4.1.jar
7fc6a8030000-7fc6a8033000 ---p 00000000 00:00 0 
7fc6a8033000-7fc6a8069000 rw-p 00000000 00:00 0                          [stack:9726]
7fc6a8069000-7fc6a806a000 r--p 00000000 00:00 0 
7fc6a806a000-7fc6a806e000 r--s 00093000 08:07 3672507                    /opt/java/jdk1.8.0_25/jre/lib/jsse.jar
7fc6a806e000-7fc6a8070000 r--s 0000c000 08:07 7609442                    /home/matias/netbeans-8.0.1/java/maven-nblib/netbeans-eventspy.jar
7fc6a8070000-7fc6a808c000 r--s 00393000 08:07 3672519                    /opt/java/jdk1.8.0_25/jre/lib/ext/cldrdata.jar
7fc6a808c000-7fc6a8096000 r--s 00116000 08:07 3672513                    /opt/java/jdk1.8.0_25/jre/lib/ext/localedata.jar
7fc6a8096000-7fc6a8097000 r--s 00009000 08:07 7609462                    /home/matias/netbeans-8.0.1/java/maven/lib/commons-cli-1.2.jar
7fc6a8097000-7fc6a8099000 r--s 0000a000 08:07 7609434                    /home/matias/netbeans-8.0.1/java/maven/lib/maven-settings-3.0.5.jar
7fc6a8099000-7fc6a809b000 r--s 00009000 08:07 7609433                    /home/matias/netbeans-8.0.1/java/maven/lib/maven-embedder-3.0.5.jar
7fc6a809b000-7fc6a809d000 r--s 00006000 08:07 7609235                    /home/matias/netbeans-8.0.1/java/maven/lib/maven-repository-metadata-3.0.5.jar
7fc6a809d000-7fc6a80a0000 r--s 0001d000 08:07 7609446                    /home/matias/netbeans-8.0.1/java/maven/lib/aether-impl-1.13.1.jar
7fc6a80a0000-7fc6a80a6000 r--s 0003e000 08:07 7609448                    /home/matias/netbeans-8.0.1/java/maven/lib/maven-compat-3.0.5.jar
7fc6a80a6000-7fc6a80a8000 r--s 0000c000 08:07 7609340                    /home/matias/netbeans-8.0.1/java/maven/lib/maven-aether-provider-3.0.5.jar
7fc6a80a8000-7fc6a80b4000 r--s 0007b000 08:07 7609459                    /home/matias/netbeans-8.0.1/java/maven/lib/maven-core-3.0.5.jar
7fc6a80b4000-7fc6a80b6000 r--s 0000b000 08:07 7609432                    /home/matias/netbeans-8.0.1/java/maven/lib/maven-artifact-3.0.5.jar
7fc6a80b6000-7fc6a80b8000 r--s 00006000 08:07 7609299                    /home/matias/netbeans-8.0.1/java/maven/lib/aether-connector-wagon-1.13.1.jar
7fc6a80b8000-7fc6a80b9000 r--s 00002000 08:07 7609464                    /home/matias/netbeans-8.0.1/java/maven/lib/wagon-file-2.4.jar
7fc6a80b9000-7fc6a80d7000 r--s 0014f000 08:07 7609460                    /home/matias/netbeans-8.0.1/java/maven/lib/sisu-guava-0.9.9.jar
7fc6a80d7000-7fc6a80d8000 r--s 00006000 08:07 7609374                    /home/matias/netbeans-8.0.1/java/maven/lib/plexus-sec-dispatcher-1.3.jar
7fc6a80d8000-7fc6a80de000 r--s 0002b000 08:07 7609394                    /home/matias/netbeans-8.0.1/java/maven/lib/sisu-inject-plexus-2.3.0.jar
7fc6a80de000-7fc6a80f9000 r--s 000e0000 08:07 7609427                    /home/matias/netbeans-8.0.1/java/maven/lib/wagon-http-2.4-shaded.jar
7fc6a80f9000-7fc6a9000000 rw-p 00000000 00:00 0 
7fc6a9000000-7fc6a99d0000 rwxp 00000000 00:00 0 
7fc6a99d0000-7fc6b8000000 ---p 00000000 00:00 0 
7fc6b8000000-7fc6b8cc6000 rw-p 00000000 00:00 0 
7fc6b8cc6000-7fc6bc000000 ---p 00000000 00:00 0 
7fc6bc000000-7fc6bc004000 r--s 0001c000 08:07 7609447                    /home/matias/netbeans-8.0.1/java/maven/lib/aether-util-1.13.1.jar
7fc6bc004000-7fc6bc006000 r--s 0000b000 08:07 7609417                    /home/matias/netbeans-8.0.1/java/maven/lib/wagon-provider-api-2.4.jar
7fc6bc006000-7fc6bc009000 r--s 00033000 08:07 7609445                    /home/matias/netbeans-8.0.1/java/maven/lib/plexus-utils-2.0.6.jar
7fc6bc009000-7fc6bc00b000 r--s 0000a000 08:07 7609418                    /home/matias/netbeans-8.0.1/java/maven/lib/maven-plugin-api-3.0.5.jar
7fc6bc00b000-7fc6bc00f000 r--s 00012000 08:07 7609453                    /home/matias/netbeans-8.0.1/java/maven/lib/aether-api-1.13.1.jar
7fc6bc00f000-7fc6bc011000 r--s 0000d000 08:07 7609375                    /home/matias/netbeans-8.0.1/java/maven/lib/plexus-interpolation-1.14.jar
7fc6bc011000-7fc6bc013000 r--s 00002000 08:07 7609452                    /home/matias/netbeans-8.0.1/java/maven/lib/plexus-cipher-1.7.jar
7fc6bc013000-7fc6bc016000 r--s 00025000 08:07 7609451                    /home/matias/netbeans-8.0.1/java/maven/lib/maven-model-3.0.5.jar
7fc6bc016000-7fc6bc018000 r--s 00000000 08:07 7609131                    /home/matias/netbeans-8.0.1/java/maven/lib/plexus-component-annotations-1.5.5.jar
7fc6bc018000-7fc6bc019000 r--s 00003000 08:07 7609454                    /home/matias/netbeans-8.0.1/java/maven/lib/aether-spi-1.13.1.jar
7fc6bc019000-7fc6bc01c000 r--s 00008000 08:07 7609324                    /home/matias/netbeans-8.0.1/java/maven/lib/maven-settings-builder-3.0.5.jar
7fc6bc01c000-7fc6bc0ce000 rw-p 00000000 00:00 0 
7fc6bc0ce000-7fc6bc2a4000 r--s 03caa000 08:07 3672504                    /opt/java/jdk1.8.0_25/jre/lib/rt.jar
7fc6bc2a4000-7fc6be2fa000 rw-p 00000000 00:00 0 
7fc6be2fa000-7fc6be2fb000 ---p 00000000 00:00 0 
7fc6be2fb000-7fc6be3fb000 rw-p 00000000 00:00 0                          [stack:9709]
7fc6be3fb000-7fc6be3fc000 ---p 00000000 00:00 0 
7fc6be3fc000-7fc6be4fc000 rw-p 00000000 00:00 0                          [stack:9708]
7fc6be4fc000-7fc6be4fd000 ---p 00000000 00:00 0 
7fc6be4fd000-7fc6be5fd000 rw-p 00000000 00:00 0                          [stack:9707]
7fc6be5fd000-7fc6be5fe000 ---p 00000000 00:00 0 
7fc6be5fe000-7fc6be712000 rw-p 00000000 00:00 0                          [stack:9706]
7fc6be712000-7fc6be83e000 ---p 00000000 00:00 0 
7fc6be83e000-7fc6be852000 rw-p 00000000 00:00 0 
7fc6be852000-7fc6be97e000 ---p 00000000 00:00 0 
7fc6be97e000-7fc6be9a3000 rw-p 00000000 00:00 0 
7fc6be9a3000-7fc6bea1e000 ---p 00000000 00:00 0 
7fc6bea1e000-7fc6bea47000 rw-p 00000000 00:00 0 
7fc6bea47000-7fc6beddf000 ---p 00000000 00:00 0 
7fc6beddf000-7fc6bedf9000 r-xp 00000000 08:07 3672455                    /opt/java/jdk1.8.0_25/jre/lib/amd64/libzip.so
7fc6bedf9000-7fc6beff9000 ---p 0001a000 08:07 3672455                    /opt/java/jdk1.8.0_25/jre/lib/amd64/libzip.so
7fc6beff9000-7fc6beffa000 rw-p 0001a000 08:07 3672455                    /opt/java/jdk1.8.0_25/jre/lib/amd64/libzip.so
7fc6beffa000-7fc6bf005000 r-xp 00000000 08:07 4198368                    /lib/x86_64-linux-gnu/libnss_files-2.19.so
7fc6bf005000-7fc6bf204000 ---p 0000b000 08:07 4198368                    /lib/x86_64-linux-gnu/libnss_files-2.19.so
7fc6bf204000-7fc6bf205000 r--p 0000a000 08:07 4198368                    /lib/x86_64-linux-gnu/libnss_files-2.19.so
7fc6bf205000-7fc6bf206000 rw-p 0000b000 08:07 4198368                    /lib/x86_64-linux-gnu/libnss_files-2.19.so
7fc6bf206000-7fc6bf211000 r-xp 00000000 08:07 4198378                    /lib/x86_64-linux-gnu/libnss_nis-2.19.so
7fc6bf211000-7fc6bf410000 ---p 0000b000 08:07 4198378                    /lib/x86_64-linux-gnu/libnss_nis-2.19.so
7fc6bf410000-7fc6bf411000 r--p 0000a000 08:07 4198378                    /lib/x86_64-linux-gnu/libnss_nis-2.19.so
7fc6bf411000-7fc6bf412000 rw-p 0000b000 08:07 4198378                    /lib/x86_64-linux-gnu/libnss_nis-2.19.so
7fc6bf412000-7fc6bf429000 r-xp 00000000 08:07 4198362                    /lib/x86_64-linux-gnu/libnsl-2.19.so
7fc6bf429000-7fc6bf628000 ---p 00017000 08:07 4198362                    /lib/x86_64-linux-gnu/libnsl-2.19.so
7fc6bf628000-7fc6bf629000 r--p 00016000 08:07 4198362                    /lib/x86_64-linux-gnu/libnsl-2.19.so
7fc6bf629000-7fc6bf62a000 rw-p 00017000 08:07 4198362                    /lib/x86_64-linux-gnu/libnsl-2.19.so
7fc6bf62a000-7fc6bf62c000 rw-p 00000000 00:00 0 
7fc6bf62c000-7fc6bf635000 r-xp 00000000 08:07 4198364                    /lib/x86_64-linux-gnu/libnss_compat-2.19.so
7fc6bf635000-7fc6bf834000 ---p 00009000 08:07 4198364                    /lib/x86_64-linux-gnu/libnss_compat-2.19.so
7fc6bf834000-7fc6bf835000 r--p 00008000 08:07 4198364                    /lib/x86_64-linux-gnu/libnss_compat-2.19.so
7fc6bf835000-7fc6bf836000 rw-p 00009000 08:07 4198364                    /lib/x86_64-linux-gnu/libnss_compat-2.19.so
7fc6bf836000-7fc6bf860000 r-xp 00000000 08:07 3672434                    /opt/java/jdk1.8.0_25/jre/lib/amd64/libjava.so
7fc6bf860000-7fc6bfa60000 ---p 0002a000 08:07 3672434                    /opt/java/jdk1.8.0_25/jre/lib/amd64/libjava.so
7fc6bfa60000-7fc6bfa62000 rw-p 0002a000 08:07 3672434                    /opt/java/jdk1.8.0_25/jre/lib/amd64/libjava.so
7fc6bfa62000-7fc6bfa6f000 r-xp 00000000 08:07 3672449                    /opt/java/jdk1.8.0_25/jre/lib/amd64/libverify.so
7fc6bfa6f000-7fc6bfc6f000 ---p 0000d000 08:07 3672449                    /opt/java/jdk1.8.0_25/jre/lib/amd64/libverify.so
7fc6bfc6f000-7fc6bfc71000 rw-p 0000d000 08:07 3672449                    /opt/java/jdk1.8.0_25/jre/lib/amd64/libverify.so
7fc6bfc71000-7fc6bfc78000 r-xp 00000000 08:07 4198421                    /lib/x86_64-linux-gnu/librt-2.19.so
7fc6bfc78000-7fc6bfe77000 ---p 00007000 08:07 4198421                    /lib/x86_64-linux-gnu/librt-2.19.so
7fc6bfe77000-7fc6bfe78000 r--p 00006000 08:07 4198421                    /lib/x86_64-linux-gnu/librt-2.19.so
7fc6bfe78000-7fc6bfe79000 rw-p 00007000 08:07 4198421                    /lib/x86_64-linux-gnu/librt-2.19.so
7fc6bfe79000-7fc6bff7e000 r-xp 00000000 08:07 4198343                    /lib/x86_64-linux-gnu/libm-2.19.so
7fc6bff7e000-7fc6c017d000 ---p 00105000 08:07 4198343                    /lib/x86_64-linux-gnu/libm-2.19.so
7fc6c017d000-7fc6c017e000 r--p 00104000 08:07 4198343                    /lib/x86_64-linux-gnu/libm-2.19.so
7fc6c017e000-7fc6c017f000 rw-p 00105000 08:07 4198343                    /lib/x86_64-linux-gnu/libm-2.19.so
7fc6c017f000-7fc6c0dec000 r-xp 00000000 08:07 3672471                    /opt/java/jdk1.8.0_25/jre/lib/amd64/server/libjvm.so
7fc6c0dec000-7fc6c0feb000 ---p 00c6d000 08:07 3672471                    /opt/java/jdk1.8.0_25/jre/lib/amd64/server/libjvm.so
7fc6c0feb000-7fc6c10c1000 rw-p 00c6c000 08:07 3672471                    /opt/java/jdk1.8.0_25/jre/lib/amd64/server/libjvm.so
7fc6c10c1000-7fc6c1104000 rw-p 00000000 00:00 0 
7fc6c1104000-7fc6c12c0000 r-xp 00000000 08:07 4198292                    /lib/x86_64-linux-gnu/libc-2.19.so
7fc6c12c0000-7fc6c14bf000 ---p 001bc000 08:07 4198292                    /lib/x86_64-linux-gnu/libc-2.19.so
7fc6c14bf000-7fc6c14c3000 r--p 001bb000 08:07 4198292                    /lib/x86_64-linux-gnu/libc-2.19.so
7fc6c14c3000-7fc6c14c5000 rw-p 001bf000 08:07 4198292                    /lib/x86_64-linux-gnu/libc-2.19.so
7fc6c14c5000-7fc6c14ca000 rw-p 00000000 00:00 0 
7fc6c14ca000-7fc6c14cd000 r-xp 00000000 08:07 4198309                    /lib/x86_64-linux-gnu/libdl-2.19.so
7fc6c14cd000-7fc6c16cc000 ---p 00003000 08:07 4198309                    /lib/x86_64-linux-gnu/libdl-2.19.so
7fc6c16cc000-7fc6c16cd000 r--p 00002000 08:07 4198309                    /lib/x86_64-linux-gnu/libdl-2.19.so
7fc6c16cd000-7fc6c16ce000 rw-p 00003000 08:07 4198309                    /lib/x86_64-linux-gnu/libdl-2.19.so
7fc6c16ce000-7fc6c16e3000 r-xp 00000000 08:07 3544175                    /opt/java/jdk1.8.0_25/lib/amd64/jli/libjli.so
7fc6c16e3000-7fc6c18e2000 ---p 00015000 08:07 3544175                    /opt/java/jdk1.8.0_25/lib/amd64/jli/libjli.so
7fc6c18e2000-7fc6c18e3000 rw-p 00014000 08:07 3544175                    /opt/java/jdk1.8.0_25/lib/amd64/jli/libjli.so
7fc6c18e3000-7fc6c18fc000 r-xp 00000000 08:07 4198413                    /lib/x86_64-linux-gnu/libpthread-2.19.so
7fc6c18fc000-7fc6c1afb000 ---p 00019000 08:07 4198413                    /lib/x86_64-linux-gnu/libpthread-2.19.so
7fc6c1afb000-7fc6c1afc000 r--p 00018000 08:07 4198413                    /lib/x86_64-linux-gnu/libpthread-2.19.so
7fc6c1afc000-7fc6c1afd000 rw-p 00019000 08:07 4198413                    /lib/x86_64-linux-gnu/libpthread-2.19.so
7fc6c1afd000-7fc6c1b01000 rw-p 00000000 00:00 0 
7fc6c1b01000-7fc6c1b24000 r-xp 00000000 08:07 4198268                    /lib/x86_64-linux-gnu/ld-2.19.so
7fc6c1b24000-7fc6c1b2b000 r--s 0003e000 08:07 7609419                    /home/matias/netbeans-8.0.1/java/maven/lib/sisu-inject-bean-2.3.0.jar
7fc6c1b2b000-7fc6c1c03000 rw-p 00000000 00:00 0 
7fc6c1c03000-7fc6c1c06000 ---p 00000000 00:00 0 
7fc6c1c06000-7fc6c1d08000 rw-p 00000000 00:00 0                          [stack:9705]
7fc6c1d08000-7fc6c1d10000 r--s 0004e000 08:07 7609405                    /home/matias/netbeans-8.0.1/java/maven/lib/sisu-guice-3.1.0-no_aop.jar
7fc6c1d10000-7fc6c1d15000 r--s 00020000 08:07 7609373                    /home/matias/netbeans-8.0.1/java/maven/lib/maven-model-builder-3.0.5.jar
7fc6c1d15000-7fc6c1d17000 r--s 0000a000 08:07 7609407                    /home/matias/netbeans-8.0.1/java/maven/boot/plexus-classworlds-2.4.jar
7fc6c1d17000-7fc6c1d1f000 rw-s 00000000 08:07 2622395                    /tmp/hsperfdata_matias/9702
7fc6c1d1f000-7fc6c1d20000 rw-p 00000000 00:00 0 
7fc6c1d20000-7fc6c1d21000 ---p 00000000 00:00 0 
7fc6c1d21000-7fc6c1d23000 rw-p 00000000 00:00 0 
7fc6c1d23000-7fc6c1d24000 r--p 00022000 08:07 4198268                    /lib/x86_64-linux-gnu/ld-2.19.so
7fc6c1d24000-7fc6c1d25000 rw-p 00023000 08:07 4198268                    /lib/x86_64-linux-gnu/ld-2.19.so
7fc6c1d25000-7fc6c1d26000 rw-p 00000000 00:00 0 
7fffc93e9000-7fffc940a000 rw-p 00000000 00:00 0                          [stack]
7fffc9570000-7fffc9572000 r-xp 00000000 00:00 0                          [vdso]
ffffffffff600000-ffffffffff601000 r-xp 00000000 00:00 0                  [vsyscall]

VM Arguments:
jvm_args: -Dclassworlds.conf=/home/matias/netbeans-8.0.1/java/maven/bin/m2.conf -Dmaven.home=/home/matias/netbeans-8.0.1/java/maven 
java_command: org.codehaus.plexus.classworlds.launcher.Launcher -Dmaven.ext.class.path=/home/matias/netbeans-8.0.1/java/maven-nblib/netbeans-eventspy.jar clean install
java_class_path (initial): /home/matias/netbeans-8.0.1/java/maven/boot/plexus-classworlds-2.4.jar
Launcher Type: SUN_STANDARD

Environment Variables:
JAVA_HOME=/opt/java/jdk1.8.0_25
PATH=/usr/local/sbin:/usr/local/bin:/usr/sbin:/usr/bin:/sbin:/bin:/usr/games:/usr/local/games:/home/matias/.rvm/bin
USERNAME=matias
LD_LIBRARY_PATH=/opt/jdk1.7.0_67/jre/lib/amd64:/opt/jdk1.7.0_67/jre/lib/i386:
SHELL=/bin/bash
DISPLAY=:0.0

Signal Handlers:
SIGSEGV: [libjvm.so+0xa79a80], sa_mask[0]=11111111011111111101111111111110, sa_flags=SA_RESTART|SA_SIGINFO
SIGBUS: [libjvm.so+0xa79a80], sa_mask[0]=11111111011111111101111111111110, sa_flags=SA_RESTART|SA_SIGINFO
SIGFPE: [libjvm.so+0x8e24e0], sa_mask[0]=11111111011111111101111111111110, sa_flags=SA_RESTART|SA_SIGINFO
SIGPIPE: [libjvm.so+0x8e24e0], sa_mask[0]=11111111011111111101111111111110, sa_flags=SA_RESTART|SA_SIGINFO
SIGXFSZ: [libjvm.so+0x8e24e0], sa_mask[0]=11111111011111111101111111111110, sa_flags=SA_RESTART|SA_SIGINFO
SIGILL: [libjvm.so+0x8e24e0], sa_mask[0]=11111111011111111101111111111110, sa_flags=SA_RESTART|SA_SIGINFO
SIGUSR1: SIG_DFL, sa_mask[0]=00000000000000000000000000000000, sa_flags=none
SIGUSR2: [libjvm.so+0x8e3d10], sa_mask[0]=00100000000000000000000000000000, sa_flags=SA_RESTART|SA_SIGINFO
SIGHUP: [libjvm.so+0x8e50d0], sa_mask[0]=11111111011111111101111111111110, sa_flags=SA_RESTART|SA_SIGINFO
SIGINT: SIG_IGN, sa_mask[0]=00000000000000000000000000000000, sa_flags=none
SIGTERM: [libjvm.so+0x8e50d0], sa_mask[0]=11111111011111111101111111111110, sa_flags=SA_RESTART|SA_SIGINFO
SIGQUIT: [libjvm.so+0x8e50d0], sa_mask[0]=11111111011111111101111111111110, sa_flags=SA_RESTART|SA_SIGINFO


---------------  S Y S T E M  ---------------

OS:DISTRIB_ID=LinuxMint
DISTRIB_RELEASE=17
DISTRIB_CODENAME=qiana
DISTRIB_DESCRIPTION="Linux Mint 17 Qiana"

uname:Linux 3.13.0-24-generic #47-Ubuntu SMP Fri May 2 23:30:00 UTC 2014 x86_64
libc:glibc 2.19 NPTL 2.19 
rlimit: STACK 8192k, CORE 0k, NPROC 30289, NOFILE 4096, AS infinity
load average:6,24 2,44 1,47

/proc/meminfo:
MemTotal:        3931448 kB
MemFree:          104040 kB
Buffers:            1416 kB
Cached:           291080 kB
SwapCached:            0 kB
Active:          3385576 kB
Inactive:         274688 kB
Active(anon):    3370708 kB
Inactive(anon):   252248 kB
Active(file):      14868 kB
Inactive(file):    22440 kB
Unevictable:          32 kB
Mlocked:              32 kB
SwapTotal:             0 kB
SwapFree:              0 kB
Dirty:               488 kB
Writeback:             0 kB
AnonPages:       3368016 kB
Mapped:           134348 kB
Shmem:            254972 kB
Slab:              63644 kB
SReclaimable:      28612 kB
SUnreclaim:        35032 kB
KernelStack:        5720 kB
PageTables:        37664 kB
NFS_Unstable:          0 kB
Bounce:                0 kB
WritebackTmp:          0 kB
CommitLimit:     1965724 kB
Committed_AS:    6531008 kB
VmallocTotal:   34359738367 kB
VmallocUsed:      347592 kB
VmallocChunk:   34359305324 kB
HardwareCorrupted:     0 kB
AnonHugePages:   1343488 kB
HugePages_Total:       0
HugePages_Free:        0
HugePages_Rsvd:        0
HugePages_Surp:        0
Hugepagesize:       2048 kB
DirectMap4k:       96344 kB
DirectMap2M:     3981312 kB


CPU:total 4 (2 cores per cpu, 2 threads per core) family 6 model 58 stepping 9, cmov, cx8, fxsr, mmx, sse, sse2, sse3, ssse3, sse4.1, sse4.2, popcnt, avx, aes, clmul, erms, ht, tsc, tscinvbit, tscinv

/proc/cpuinfo:
processor	: 0
vendor_id	: GenuineIntel
cpu family	: 6
model		: 58
model name	: Intel(R) Core(TM) i5-3337U CPU @ 1.80GHz
stepping	: 9
microcode	: 0x15
cpu MHz		: 1801.000
cache size	: 3072 KB
physical id	: 0
siblings	: 4
core id		: 0
cpu cores	: 2
apicid		: 0
initial apicid	: 0
fpu		: yes
fpu_exception	: yes
cpuid level	: 13
wp		: yes
flags		: fpu vme de pse tsc msr pae mce cx8 apic sep mtrr pge mca cmov pat pse36 clflush dts acpi mmx fxsr sse sse2 ss ht tm pbe syscall nx rdtscp lm constant_tsc arch_perfmon pebs bts rep_good nopl xtopology nonstop_tsc aperfmperf eagerfpu pni pclmulqdq dtes64 monitor ds_cpl vmx est tm2 ssse3 cx16 xtpr pdcm pcid sse4_1 sse4_2 x2apic popcnt tsc_deadline_timer aes xsave avx f16c rdrand lahf_lm ida arat epb xsaveopt pln pts dtherm tpr_shadow vnmi flexpriority ept vpid fsgsbase smep erms
bogomips	: 3591.73
clflush size	: 64
cache_alignment	: 64
address sizes	: 36 bits physical, 48 bits virtual
power management:

processor	: 1
vendor_id	: GenuineIntel
cpu family	: 6
model		: 58
model name	: Intel(R) Core(TM) i5-3337U CPU @ 1.80GHz
stepping	: 9
microcode	: 0x15
cpu MHz		: 1801.000
cache size	: 3072 KB
physical id	: 0
siblings	: 4
core id		: 1
cpu cores	: 2
apicid		: 2
initial apicid	: 2
fpu		: yes
fpu_exception	: yes
cpuid level	: 13
wp		: yes
flags		: fpu vme de pse tsc msr pae mce cx8 apic sep mtrr pge mca cmov pat pse36 clflush dts acpi mmx fxsr sse sse2 ss ht tm pbe syscall nx rdtscp lm constant_tsc arch_perfmon pebs bts rep_good nopl xtopology nonstop_tsc aperfmperf eagerfpu pni pclmulqdq dtes64 monitor ds_cpl vmx est tm2 ssse3 cx16 xtpr pdcm pcid sse4_1 sse4_2 x2apic popcnt tsc_deadline_timer aes xsave avx f16c rdrand lahf_lm ida arat epb xsaveopt pln pts dtherm tpr_shadow vnmi flexpriority ept vpid fsgsbase smep erms
bogomips	: 3591.73
clflush size	: 64
cache_alignment	: 64
address sizes	: 36 bits physical, 48 bits virtual
power management:

processor	: 2
vendor_id	: GenuineIntel
cpu family	: 6
model		: 58
model name	: Intel(R) Core(TM) i5-3337U CPU @ 1.80GHz
stepping	: 9
microcode	: 0x15
cpu MHz		: 800.000
cache size	: 3072 KB
physical id	: 0
siblings	: 4
core id		: 0
cpu cores	: 2
apicid		: 1
initial apicid	: 1
fpu		: yes
fpu_exception	: yes
cpuid level	: 13
wp		: yes
flags		: fpu vme de pse tsc msr pae mce cx8 apic sep mtrr pge mca cmov pat pse36 clflush dts acpi mmx fxsr sse sse2 ss ht tm pbe syscall nx rdtscp lm constant_tsc arch_perfmon pebs bts rep_good nopl xtopology nonstop_tsc aperfmperf eagerfpu pni pclmulqdq dtes64 monitor ds_cpl vmx est tm2 ssse3 cx16 xtpr pdcm pcid sse4_1 sse4_2 x2apic popcnt tsc_deadline_timer aes xsave avx f16c rdrand lahf_lm ida arat epb xsaveopt pln pts dtherm tpr_shadow vnmi flexpriority ept vpid fsgsbase smep erms
bogomips	: 3591.73
clflush size	: 64
cache_alignment	: 64
address sizes	: 36 bits physical, 48 bits virtual
power management:

processor	: 3
vendor_id	: GenuineIntel
cpu family	: 6
model		: 58
model name	: Intel(R) Core(TM) i5-3337U CPU @ 1.80GHz
stepping	: 9
microcode	: 0x15
cpu MHz		: 1801.000
cache size	: 3072 KB
physical id	: 0
siblings	: 4
core id		: 1
cpu cores	: 2
apicid		: 3
initial apicid	: 3
fpu		: yes
fpu_exception	: yes
cpuid level	: 13
wp		: yes
flags		: fpu vme de pse tsc msr pae mce cx8 apic sep mtrr pge mca cmov pat pse36 clflush dts acpi mmx fxsr sse sse2 ss ht tm pbe syscall nx rdtscp lm constant_tsc arch_perfmon pebs bts rep_good nopl xtopology nonstop_tsc aperfmperf eagerfpu pni pclmulqdq dtes64 monitor ds_cpl vmx est tm2 ssse3 cx16 xtpr pdcm pcid sse4_1 sse4_2 x2apic popcnt tsc_deadline_timer aes xsave avx f16c rdrand lahf_lm ida arat epb xsaveopt pln pts dtherm tpr_shadow vnmi flexpriority ept vpid fsgsbase smep erms
bogomips	: 3591.73
clflush size	: 64
cache_alignment	: 64
address sizes	: 36 bits physical, 48 bits virtual
power management:



Memory: 4k page, physical 3931448k(103792k free), swap 0k(0k free)

vm_info: Java HotSpot(TM) 64-Bit Server VM (25.25-b02) for linux-amd64 JRE (1.8.0_25-b17), built on Sep 17 2014 17:32:11 by "java_re" with gcc 4.3.0 20080428 (Red Hat 4.3.0-8)

time: Mon Nov 17 19:53:13 2014
elapsed time: 34 seconds (0d 0h 0m 34s)

